2026-03-12 15:51:48 [main] INFO  c.b.iam.IamServiceApplication - Starting IamServiceApplication using Java 21.0.2 with PID 22572 (C:\Users\2478574\Downloads\buildledger-iam-service\iam-service\target\classes started by 2478574 in C:\Users\2478574\Downloads\buildledger-iam-service)
2026-03-12 15:51:48 [main] INFO  c.b.iam.IamServiceApplication - No active profile set, falling back to 1 default profile: "default"
2026-03-12 15:51:57 [main] INFO  o.s.d.r.c.RepositoryConfigurationDelegate - Bootstrapping Spring Data JPA repositories in DEFAULT mode.
2026-03-12 15:51:57 [main] INFO  o.s.d.r.c.RepositoryConfigurationDelegate - Finished Spring Data repository scanning in 425 ms. Found 8 JPA repository interfaces.
2026-03-12 15:52:01 [main] INFO  o.s.b.w.e.tomcat.TomcatWebServer - Tomcat initialized with port 8081 (http)
2026-03-12 15:52:01 [main] INFO  o.a.catalina.core.StandardService - Starting service [Tomcat]
2026-03-12 15:52:01 [main] INFO  o.a.catalina.core.StandardEngine - Starting Servlet engine: [Apache Tomcat/10.1.20]
2026-03-12 15:52:01 [main] INFO  o.a.c.c.C.[Tomcat].[localhost].[/] - Initializing Spring embedded WebApplicationContext
2026-03-12 15:52:01 [main] INFO  o.s.b.w.s.c.ServletWebServerApplicationContext - Root WebApplicationContext: initialization completed in 12203 ms
2026-03-12 15:52:02 [main] INFO  o.h.jpa.internal.util.LogHelper - HHH000204: Processing PersistenceUnitInfo [name: default]
2026-03-12 15:52:03 [main] INFO  org.hibernate.Version - HHH000412: Hibernate ORM core version 6.4.4.Final
2026-03-12 15:52:03 [main] INFO  o.h.c.i.RegionFactoryInitiator - HHH000026: Second-level cache disabled
2026-03-12 15:52:04 [main] INFO  o.s.o.j.p.SpringPersistenceUnitInfo - No LoadTimeWeaver setup: ignoring JPA class transformer
2026-03-12 15:52:04 [main] INFO  com.zaxxer.hikari.HikariDataSource - HikariPool-1 - Starting...
2026-03-12 15:52:04 [main] INFO  com.zaxxer.hikari.pool.HikariPool - HikariPool-1 - Added connection com.mysql.cj.jdbc.ConnectionImpl@79c849c7
2026-03-12 15:52:04 [main] INFO  com.zaxxer.hikari.HikariDataSource - HikariPool-1 - Start completed.
2026-03-12 15:52:04 [main] WARN  org.hibernate.orm.deprecation - HHH90000025: MySQLDialect does not need to be specified explicitly using 'hibernate.dialect' (remove the property setting and it will be selected by default)
2026-03-12 15:52:08 [main] INFO  o.h.e.t.j.p.i.JtaPlatformInitiator - HHH000489: No JTA platform available (set 'hibernate.transaction.jta.platform' to enable JTA platform integration)
2026-03-12 15:52:08 [main] INFO  o.s.o.j.LocalContainerEntityManagerFactoryBean - Initialized JPA EntityManagerFactory for persistence unit 'default'
2026-03-12 15:52:10 [main] INFO  o.s.d.j.r.query.QueryEnhancerFactory - Hibernate is in classpath; If applicable, HQL parser will be used.
2026-03-12 15:52:15 [main] INFO  c.b.iam.service.FileStorageService - File storage initialized at: C:\Users\2478574\Downloads\buildledger-iam-service\uploads\vendor-documents
2026-03-12 15:52:17 [main] INFO  o.s.b.a.e.web.EndpointLinksResolver - Exposing 3 endpoint(s) beneath base path '/management'
2026-03-12 15:52:19 [main] INFO  o.s.b.w.e.tomcat.TomcatWebServer - Tomcat started on port 8081 (http) with context path ''
2026-03-12 15:52:19 [main] INFO  c.b.iam.IamServiceApplication - Started IamServiceApplication in 32.969 seconds (process running for 36.09)
2026-03-12 15:52:19 [RMI TCP Connection(2)-127.0.0.1] INFO  o.a.c.c.C.[Tomcat].[localhost].[/] - Initializing Spring DispatcherServlet 'dispatcherServlet'
2026-03-12 15:52:19 [RMI TCP Connection(2)-127.0.0.1] INFO  o.s.web.servlet.DispatcherServlet - Initializing Servlet 'dispatcherServlet'
2026-03-12 15:52:19 [RMI TCP Connection(2)-127.0.0.1] INFO  o.s.web.servlet.DispatcherServlet - Completed initialization in 3 ms
2026-03-12 15:52:20 [main] INFO  c.b.i.service.AdminBootstrapService - Admin account already exists: admin@buildledger.com
2026-03-12 15:52:51 [http-nio-8081-exec-10] INFO  o.s.api.AbstractOpenApiResource - Init duration for springdoc-openapi is: 3753 ms
2026-03-12 17:26:58 [HikariPool-1 housekeeper] WARN  com.zaxxer.hikari.pool.HikariPool - HikariPool-1 - Thread starvation or clock leap detected (housekeeper delta=3m22s955ms476µs800ns).
2026-03-12 17:35:18 [HikariPool-1 housekeeper] WARN  com.zaxxer.hikari.pool.HikariPool - HikariPool-1 - Thread starvation or clock leap detected (housekeeper delta=5m19s903ms496µs400ns).
2026-03-12 17:42:26 [http-nio-8081-exec-4] INFO  c.b.iam.service.UserService - User created by admin@buildledger.com: id=8, email=rahulll@buildledger.com, role=PROJECT_MANAGER
2026-03-12 17:43:33 [main] INFO  c.b.iam.IamServiceApplication - Starting IamServiceApplication using Java 21.0.2 with PID 32304 (C:\Users\2478574\Downloads\buildledger-iam-service\iam-service\target\classes started by 2478574 in C:\Users\2478574\Downloads\buildledger-iam-service)
2026-03-12 17:43:33 [main] INFO  c.b.iam.IamServiceApplication - No active profile set, falling back to 1 default profile: "default"
2026-03-12 17:43:38 [main] INFO  o.s.d.r.c.RepositoryConfigurationDelegate - Bootstrapping Spring Data JPA repositories in DEFAULT mode.
2026-03-12 17:43:38 [main] INFO  o.s.d.r.c.RepositoryConfigurationDelegate - Finished Spring Data repository scanning in 305 ms. Found 8 JPA repository interfaces.
2026-03-12 17:43:42 [main] INFO  o.s.b.w.e.tomcat.TomcatWebServer - Tomcat initialized with port 8081 (http)
2026-03-12 17:43:42 [main] INFO  o.a.catalina.core.StandardService - Starting service [Tomcat]
2026-03-12 17:43:42 [main] INFO  o.a.catalina.core.StandardEngine - Starting Servlet engine: [Apache Tomcat/10.1.20]
2026-03-12 17:43:43 [main] INFO  o.a.c.c.C.[Tomcat].[localhost].[/] - Initializing Spring embedded WebApplicationContext
2026-03-12 17:43:43 [main] INFO  o.s.b.w.s.c.ServletWebServerApplicationContext - Root WebApplicationContext: initialization completed in 9112 ms
2026-03-12 17:43:45 [main] INFO  o.h.jpa.internal.util.LogHelper - HHH000204: Processing PersistenceUnitInfo [name: default]
2026-03-12 17:43:45 [main] INFO  org.hibernate.Version - HHH000412: Hibernate ORM core version 6.4.4.Final
2026-03-12 17:43:45 [main] INFO  o.h.c.i.RegionFactoryInitiator - HHH000026: Second-level cache disabled
2026-03-12 17:43:46 [main] INFO  o.s.o.j.p.SpringPersistenceUnitInfo - No LoadTimeWeaver setup: ignoring JPA class transformer
2026-03-12 17:43:46 [main] INFO  com.zaxxer.hikari.HikariDataSource - HikariPool-1 - Starting...
2026-03-12 17:43:46 [main] INFO  com.zaxxer.hikari.pool.HikariPool - HikariPool-1 - Added connection com.mysql.cj.jdbc.ConnectionImpl@20d65767
2026-03-12 17:43:46 [main] INFO  com.zaxxer.hikari.HikariDataSource - HikariPool-1 - Start completed.
2026-03-12 17:43:47 [main] WARN  org.hibernate.orm.deprecation - HHH90000025: MySQLDialect does not need to be specified explicitly using 'hibernate.dialect' (remove the property setting and it will be selected by default)
2026-03-12 17:43:49 [main] INFO  o.h.e.t.j.p.i.JtaPlatformInitiator - HHH000489: No JTA platform available (set 'hibernate.transaction.jta.platform' to enable JTA platform integration)
2026-03-12 17:43:50 [main] INFO  o.s.o.j.LocalContainerEntityManagerFactoryBean - Initialized JPA EntityManagerFactory for persistence unit 'default'
2026-03-12 17:43:50 [main] INFO  o.s.d.j.r.query.QueryEnhancerFactory - Hibernate is in classpath; If applicable, HQL parser will be used.
2026-03-12 17:43:53 [main] INFO  c.b.iam.service.FileStorageService - File storage initialized at: C:\Users\2478574\Downloads\buildledger-iam-service\uploads\vendor-documents
2026-03-12 17:43:55 [main] INFO  o.s.b.a.e.web.EndpointLinksResolver - Exposing 3 endpoint(s) beneath base path '/management'
2026-03-12 17:43:57 [main] INFO  o.s.b.w.e.tomcat.TomcatWebServer - Tomcat started on port 8081 (http) with context path ''
2026-03-12 17:43:57 [main] INFO  c.b.iam.IamServiceApplication - Started IamServiceApplication in 24.673 seconds (process running for 26.352)
2026-03-12 17:43:57 [main] INFO  c.b.i.service.AdminBootstrapService - Admin account already exists: admin@buildledger.com
2026-03-12 17:43:59 [RMI TCP Connection(2)-127.0.0.1] INFO  o.a.c.c.C.[Tomcat].[localhost].[/] - Initializing Spring DispatcherServlet 'dispatcherServlet'
2026-03-12 17:43:59 [RMI TCP Connection(2)-127.0.0.1] INFO  o.s.web.servlet.DispatcherServlet - Initializing Servlet 'dispatcherServlet'
2026-03-12 17:43:59 [RMI TCP Connection(2)-127.0.0.1] INFO  o.s.web.servlet.DispatcherServlet - Completed initialization in 2 ms
2026-03-12 17:44:11 [http-nio-8081-exec-9] INFO  o.s.api.AbstractOpenApiResource - Init duration for springdoc-openapi is: 4015 ms
2026-03-12 17:45:34 [http-nio-8081-exec-6] INFO  c.b.iam.service.UserService - User created by admin@buildledger.com: id=9, email=rahull@buildledger.com, role=PROJECT_MANAGER
2026-03-12 17:48:49 [http-nio-8081-exec-9] INFO  c.b.iam.service.AuthService - Password changed for userId=9
2026-03-12 18:00:54 [iam-async-1] ERROR c.b.iam.service.EmailService - Failed to send email to rahull@buildledger.com: Mail server connection failed. Failed messages: jakarta.mail.MessagingException: Exception reading response;
  nested exception is:
	java.net.SocketException: An established connection was aborted by the software in your host machine
